------------|----------|----------|----------|----------|-------------------|
File        |  % Stmts | % Branch |  % Funcs |  % Lines | Uncovered Line #s |
------------|----------|----------|----------|----------|-------------------|
All files   |    96.69 |       88 |    97.56 |    96.57 |                   |
 css.js     |    97.75 |       90 |      100 |    97.67 |           109,110 |
 dropcss.js |       99 |    97.22 |       90 |    98.92 |               137 |
 html.js    |      100 |    96.88 |      100 |      100 |                61 |
 matches.js |      100 |      100 |      100 |      100 |                   |
 nth.js     |    56.25 |       45 |      100 |    56.25 |... 38,41,47,52,54 |
 sel.js     |    96.64 |    88.57 |      100 |     96.6 |... 09,114,121,226 |
------------|----------|----------|----------|----------|-------------------|
